{"C:\\Users\\jayak\\Desktop\\se-project-main\\se-project-main\\server\\controllers\\adminController.js": {"path":"C:\\Users\\jayak\\Desktop\\se-project-main\\se-project-main\\server\\controllers\\adminController.js","statementMap":{"0":{"start":{"line":1,"column":13},"end":{"line":1,"column":38}},"1":{"start":{"line":2,"column":16},"end":{"line":2,"column":44}},"2":{"start":{"line":3,"column":14},"end":{"line":3,"column":40}},"3":{"start":{"line":6,"column":0},"end":{"line":39,"column":2}},"4":{"start":{"line":7,"column":2},"end":{"line":38,"column":3}},"5":{"start":{"line":8,"column":23},"end":{"line":8,"column":50}},"6":{"start":{"line":9,"column":26},"end":{"line":9,"column":56}},"7":{"start":{"line":10,"column":24},"end":{"line":10,"column":52}},"8":{"start":{"line":11,"column":26},"end":{"line":11,"column":75}},"9":{"start":{"line":14,"column":25},"end":{"line":21,"column":6}},"10":{"start":{"line":23,"column":4},"end":{"line":32,"column":7}},"11":{"start":{"line":34,"column":4},"end":{"line":37,"column":7}},"12":{"start":{"line":42,"column":0},"end":{"line":57,"column":2}},"13":{"start":{"line":43,"column":2},"end":{"line":56,"column":3}},"14":{"start":{"line":44,"column":18},"end":{"line":44,"column":79}},"15":{"start":{"line":46,"column":4},"end":{"line":50,"column":7}},"16":{"start":{"line":52,"column":4},"end":{"line":55,"column":7}},"17":{"start":{"line":60,"column":0},"end":{"line":91,"column":2}},"18":{"start":{"line":61,"column":2},"end":{"line":90,"column":3}},"19":{"start":{"line":62,"column":17},"end":{"line":62,"column":51}},"20":{"start":{"line":64,"column":4},"end":{"line":69,"column":5}},"21":{"start":{"line":65,"column":6},"end":{"line":68,"column":9}},"22":{"start":{"line":72,"column":4},"end":{"line":77,"column":5}},"23":{"start":{"line":73,"column":6},"end":{"line":76,"column":9}},"24":{"start":{"line":79,"column":4},"end":{"line":79,"column":27}},"25":{"start":{"line":81,"column":4},"end":{"line":84,"column":7}},"26":{"start":{"line":86,"column":4},"end":{"line":89,"column":7}},"27":{"start":{"line":94,"column":0},"end":{"line":112,"column":2}},"28":{"start":{"line":95,"column":2},"end":{"line":111,"column":3}},"29":{"start":{"line":96,"column":21},"end":{"line":99,"column":30}},"30":{"start":{"line":101,"column":4},"end":{"line":105,"column":7}},"31":{"start":{"line":107,"column":4},"end":{"line":110,"column":7}},"32":{"start":{"line":115,"column":0},"end":{"line":138,"column":2}},"33":{"start":{"line":116,"column":2},"end":{"line":137,"column":3}},"34":{"start":{"line":117,"column":20},"end":{"line":117,"column":57}},"35":{"start":{"line":119,"column":4},"end":{"line":124,"column":5}},"36":{"start":{"line":120,"column":6},"end":{"line":123,"column":9}},"37":{"start":{"line":126,"column":4},"end":{"line":126,"column":30}},"38":{"start":{"line":128,"column":4},"end":{"line":131,"column":7}},"39":{"start":{"line":133,"column":4},"end":{"line":136,"column":7}},"40":{"start":{"line":141,"column":0},"end":{"line":159,"column":2}},"41":{"start":{"line":142,"column":2},"end":{"line":158,"column":3}},"42":{"start":{"line":143,"column":19},"end":{"line":146,"column":30}},"43":{"start":{"line":148,"column":4},"end":{"line":152,"column":7}},"44":{"start":{"line":154,"column":4},"end":{"line":157,"column":7}},"45":{"start":{"line":162,"column":0},"end":{"line":188,"column":2}},"46":{"start":{"line":163,"column":2},"end":{"line":187,"column":3}},"47":{"start":{"line":164,"column":23},"end":{"line":164,"column":31}},"48":{"start":{"line":166,"column":18},"end":{"line":166,"column":53}},"49":{"start":{"line":168,"column":4},"end":{"line":173,"column":5}},"50":{"start":{"line":169,"column":6},"end":{"line":172,"column":9}},"51":{"start":{"line":175,"column":4},"end":{"line":175,"column":26}},"52":{"start":{"line":176,"column":4},"end":{"line":176,"column":23}},"53":{"start":{"line":178,"column":4},"end":{"line":181,"column":7}},"54":{"start":{"line":183,"column":4},"end":{"line":186,"column":7}}},"fnMap":{"0":{"name":"(anonymous_0)","decl":{"start":{"line":6,"column":28},"end":{"line":6,"column":29}},"loc":{"start":{"line":6,"column":48},"end":{"line":39,"column":1}},"line":6},"1":{"name":"(anonymous_1)","decl":{"start":{"line":42,"column":22},"end":{"line":42,"column":23}},"loc":{"start":{"line":42,"column":42},"end":{"line":57,"column":1}},"line":42},"2":{"name":"(anonymous_2)","decl":{"start":{"line":60,"column":21},"end":{"line":60,"column":22}},"loc":{"start":{"line":60,"column":41},"end":{"line":91,"column":1}},"line":60},"3":{"name":"(anonymous_3)","decl":{"start":{"line":94,"column":25},"end":{"line":94,"column":26}},"loc":{"start":{"line":94,"column":45},"end":{"line":112,"column":1}},"line":94},"4":{"name":"(anonymous_4)","decl":{"start":{"line":115,"column":24},"end":{"line":115,"column":25}},"loc":{"start":{"line":115,"column":44},"end":{"line":138,"column":1}},"line":115},"5":{"name":"(anonymous_5)","decl":{"start":{"line":141,"column":23},"end":{"line":141,"column":24}},"loc":{"start":{"line":141,"column":43},"end":{"line":159,"column":1}},"line":141},"6":{"name":"(anonymous_6)","decl":{"start":{"line":162,"column":28},"end":{"line":162,"column":29}},"loc":{"start":{"line":162,"column":48},"end":{"line":188,"column":1}},"line":162}},"branchMap":{"0":{"loc":{"start":{"line":30,"column":22},"end":{"line":30,"column":49}},"type":"binary-expr","locations":[{"start":{"line":30,"column":22},"end":{"line":30,"column":44}},{"start":{"line":30,"column":48},"end":{"line":30,"column":49}}],"line":30},"1":{"loc":{"start":{"line":64,"column":4},"end":{"line":69,"column":5}},"type":"if","locations":[{"start":{"line":64,"column":4},"end":{"line":69,"column":5}},{"start":{},"end":{}}],"line":64},"2":{"loc":{"start":{"line":72,"column":4},"end":{"line":77,"column":5}},"type":"if","locations":[{"start":{"line":72,"column":4},"end":{"line":77,"column":5}},{"start":{},"end":{}}],"line":72},"3":{"loc":{"start":{"line":119,"column":4},"end":{"line":124,"column":5}},"type":"if","locations":[{"start":{"line":119,"column":4},"end":{"line":124,"column":5}},{"start":{},"end":{}}],"line":119},"4":{"loc":{"start":{"line":168,"column":4},"end":{"line":173,"column":5}},"type":"if","locations":[{"start":{"line":168,"column":4},"end":{"line":173,"column":5}},{"start":{},"end":{}}],"line":168}},"s":{"0":2,"1":2,"2":2,"3":2,"4":1,"5":1,"6":1,"7":1,"8":1,"9":1,"10":1,"11":0,"12":2,"13":1,"14":1,"15":1,"16":0,"17":2,"18":2,"19":2,"20":2,"21":1,"22":1,"23":1,"24":0,"25":0,"26":0,"27":2,"28":1,"29":1,"30":1,"31":0,"32":2,"33":2,"34":2,"35":2,"36":1,"37":1,"38":1,"39":0,"40":2,"41":1,"42":1,"43":1,"44":0,"45":2,"46":2,"47":2,"48":2,"49":2,"50":1,"51":1,"52":1,"53":1,"54":0},"f":{"0":1,"1":1,"2":2,"3":1,"4":2,"5":1,"6":2},"b":{"0":[1,0],"1":[1,1],"2":[1,0],"3":[1,1],"4":[1,1]},"_coverageSchema":"1a1c01bbd47fc00a2c39e90264f33305004495a9","hash":"5e44306c21a1c256a8e5f191e6346424c3e52f8c"}
,"C:\\Users\\jayak\\Desktop\\se-project-main\\se-project-main\\server\\controllers\\authController.js": {"path":"C:\\Users\\jayak\\Desktop\\se-project-main\\se-project-main\\server\\controllers\\authController.js","statementMap":{"0":{"start":{"line":1,"column":13},"end":{"line":1,"column":38}},"1":{"start":{"line":2,"column":15},"end":{"line":2,"column":32}},"2":{"start":{"line":3,"column":18},"end":{"line":3,"column":50}},"3":{"start":{"line":7,"column":0},"end":{"line":66,"column":2}},"4":{"start":{"line":8,"column":2},"end":{"line":65,"column":3}},"5":{"start":{"line":9,"column":51},"end":{"line":9,"column":59}},"6":{"start":{"line":11,"column":25},"end":{"line":11,"column":54}},"7":{"start":{"line":12,"column":4},"end":{"line":17,"column":5}},"8":{"start":{"line":13,"column":6},"end":{"line":16,"column":9}},"9":{"start":{"line":19,"column":35},"end":{"line":19,"column":73}},"10":{"start":{"line":21,"column":17},"end":{"line":28,"column":6}},"11":{"start":{"line":30,"column":28},"end":{"line":30,"column":94}},"12":{"start":{"line":32,"column":4},"end":{"line":44,"column":5}},"13":{"start":{"line":33,"column":6},"end":{"line":41,"column":9}},"14":{"start":{"line":43,"column":6},"end":{"line":43,"column":68}},"15":{"start":{"line":46,"column":18},"end":{"line":46,"column":42}},"16":{"start":{"line":48,"column":4},"end":{"line":59,"column":7}},"17":{"start":{"line":61,"column":4},"end":{"line":64,"column":7}},"18":{"start":{"line":70,"column":0},"end":{"line":116,"column":2}},"19":{"start":{"line":71,"column":2},"end":{"line":115,"column":3}},"20":{"start":{"line":72,"column":32},"end":{"line":72,"column":40}},"21":{"start":{"line":74,"column":4},"end":{"line":79,"column":5}},"22":{"start":{"line":75,"column":6},"end":{"line":78,"column":9}},"23":{"start":{"line":81,"column":17},"end":{"line":81,"column":66}},"24":{"start":{"line":82,"column":4},"end":{"line":87,"column":5}},"25":{"start":{"line":83,"column":6},"end":{"line":86,"column":9}},"26":{"start":{"line":89,"column":20},"end":{"line":89,"column":56}},"27":{"start":{"line":90,"column":4},"end":{"line":95,"column":5}},"28":{"start":{"line":91,"column":6},"end":{"line":94,"column":9}},"29":{"start":{"line":97,"column":18},"end":{"line":97,"column":42}},"30":{"start":{"line":99,"column":4},"end":{"line":109,"column":7}},"31":{"start":{"line":111,"column":4},"end":{"line":114,"column":7}},"32":{"start":{"line":120,"column":0},"end":{"line":133,"column":2}},"33":{"start":{"line":121,"column":2},"end":{"line":132,"column":3}},"34":{"start":{"line":122,"column":17},"end":{"line":122,"column":49}},"35":{"start":{"line":123,"column":4},"end":{"line":126,"column":7}},"36":{"start":{"line":128,"column":4},"end":{"line":131,"column":7}}},"fnMap":{"0":{"name":"(anonymous_0)","decl":{"start":{"line":7,"column":19},"end":{"line":7,"column":20}},"loc":{"start":{"line":7,"column":39},"end":{"line":66,"column":1}},"line":7},"1":{"name":"(anonymous_1)","decl":{"start":{"line":70,"column":16},"end":{"line":70,"column":17}},"loc":{"start":{"line":70,"column":36},"end":{"line":116,"column":1}},"line":70},"2":{"name":"(anonymous_2)","decl":{"start":{"line":120,"column":16},"end":{"line":120,"column":17}},"loc":{"start":{"line":120,"column":36},"end":{"line":133,"column":1}},"line":120}},"branchMap":{"0":{"loc":{"start":{"line":12,"column":4},"end":{"line":17,"column":5}},"type":"if","locations":[{"start":{"line":12,"column":4},"end":{"line":17,"column":5}},{"start":{},"end":{}}],"line":12},"1":{"loc":{"start":{"line":25,"column":12},"end":{"line":25,"column":27}},"type":"binary-expr","locations":[{"start":{"line":25,"column":12},"end":{"line":25,"column":16}},{"start":{"line":25,"column":20},"end":{"line":25,"column":27}}],"line":25},"2":{"loc":{"start":{"line":74,"column":4},"end":{"line":79,"column":5}},"type":"if","locations":[{"start":{"line":74,"column":4},"end":{"line":79,"column":5}},{"start":{},"end":{}}],"line":74},"3":{"loc":{"start":{"line":74,"column":8},"end":{"line":74,"column":27}},"type":"binary-expr","locations":[{"start":{"line":74,"column":8},"end":{"line":74,"column":14}},{"start":{"line":74,"column":18},"end":{"line":74,"column":27}}],"line":74},"4":{"loc":{"start":{"line":82,"column":4},"end":{"line":87,"column":5}},"type":"if","locations":[{"start":{"line":82,"column":4},"end":{"line":87,"column":5}},{"start":{},"end":{}}],"line":82},"5":{"loc":{"start":{"line":90,"column":4},"end":{"line":95,"column":5}},"type":"if","locations":[{"start":{"line":90,"column":4},"end":{"line":95,"column":5}},{"start":{},"end":{}}],"line":90}},"s":{"0":2,"1":2,"2":2,"3":2,"4":1,"5":1,"6":1,"7":1,"8":0,"9":1,"10":1,"11":1,"12":1,"13":1,"14":0,"15":1,"16":1,"17":0,"18":2,"19":3,"20":3,"21":3,"22":1,"23":2,"24":2,"25":1,"26":1,"27":1,"28":1,"29":0,"30":0,"31":0,"32":2,"33":1,"34":1,"35":1,"36":0},"f":{"0":1,"1":3,"2":1},"b":{"0":[0,1],"1":[1,1],"2":[1,2],"3":[3,2],"4":[1,1],"5":[1,0]},"_coverageSchema":"1a1c01bbd47fc00a2c39e90264f33305004495a9","hash":"4dcd45505a190f637090cc45496089805533b7a0"}
,"C:\\Users\\jayak\\Desktop\\se-project-main\\se-project-main\\server\\controllers\\categoryController.js": {"path":"C:\\Users\\jayak\\Desktop\\se-project-main\\se-project-main\\server\\controllers\\categoryController.js","statementMap":{"0":{"start":{"line":1,"column":17},"end":{"line":1,"column":46}},"1":{"start":{"line":6,"column":0},"end":{"line":30,"column":2}},"2":{"start":{"line":7,"column":2},"end":{"line":29,"column":3}},"3":{"start":{"line":8,"column":34},"end":{"line":8,"column":42}},"4":{"start":{"line":10,"column":19},"end":{"line":10,"column":51}},"5":{"start":{"line":11,"column":4},"end":{"line":16,"column":5}},"6":{"start":{"line":12,"column":6},"end":{"line":15,"column":9}},"7":{"start":{"line":18,"column":4},"end":{"line":18,"column":60}},"8":{"start":{"line":20,"column":4},"end":{"line":23,"column":7}},"9":{"start":{"line":25,"column":4},"end":{"line":28,"column":7}},"10":{"start":{"line":35,"column":0},"end":{"line":50,"column":2}},"11":{"start":{"line":36,"column":2},"end":{"line":49,"column":3}},"12":{"start":{"line":37,"column":23},"end":{"line":39,"column":6}},"13":{"start":{"line":40,"column":4},"end":{"line":43,"column":7}},"14":{"start":{"line":45,"column":4},"end":{"line":48,"column":7}}},"fnMap":{"0":{"name":"(anonymous_0)","decl":{"start":{"line":6,"column":25},"end":{"line":6,"column":26}},"loc":{"start":{"line":6,"column":45},"end":{"line":30,"column":1}},"line":6},"1":{"name":"(anonymous_1)","decl":{"start":{"line":35,"column":24},"end":{"line":35,"column":25}},"loc":{"start":{"line":35,"column":44},"end":{"line":50,"column":1}},"line":35}},"branchMap":{"0":{"loc":{"start":{"line":11,"column":4},"end":{"line":16,"column":5}},"type":"if","locations":[{"start":{"line":11,"column":4},"end":{"line":16,"column":5}},{"start":{},"end":{}}],"line":11}},"s":{"0":2,"1":2,"2":2,"3":2,"4":2,"5":2,"6":1,"7":1,"8":1,"9":0,"10":2,"11":1,"12":1,"13":1,"14":0},"f":{"0":2,"1":1},"b":{"0":[1,1]},"_coverageSchema":"1a1c01bbd47fc00a2c39e90264f33305004495a9","hash":"8aba6b442e0193b8d1800a709a5268de9b2fce12"}
,"C:\\Users\\jayak\\Desktop\\se-project-main\\se-project-main\\server\\controllers\\orderController.js": {"path":"C:\\Users\\jayak\\Desktop\\se-project-main\\se-project-main\\server\\controllers\\orderController.js","statementMap":{"0":{"start":{"line":1,"column":14},"end":{"line":1,"column":40}},"1":{"start":{"line":2,"column":16},"end":{"line":2,"column":44}},"2":{"start":{"line":7,"column":0},"end":{"line":71,"column":2}},"3":{"start":{"line":8,"column":2},"end":{"line":70,"column":3}},"4":{"start":{"line":9,"column":39},"end":{"line":9,"column":47}},"5":{"start":{"line":11,"column":4},"end":{"line":16,"column":5}},"6":{"start":{"line":12,"column":6},"end":{"line":15,"column":9}},"7":{"start":{"line":19,"column":22},"end":{"line":19,"column":23}},"8":{"start":{"line":20,"column":23},"end":{"line":20,"column":25}},"9":{"start":{"line":22,"column":4},"end":{"line":51,"column":5}},"10":{"start":{"line":23,"column":22},"end":{"line":23,"column":58}},"11":{"start":{"line":25,"column":6},"end":{"line":30,"column":7}},"12":{"start":{"line":26,"column":8},"end":{"line":29,"column":11}},"13":{"start":{"line":32,"column":6},"end":{"line":37,"column":7}},"14":{"start":{"line":33,"column":8},"end":{"line":36,"column":11}},"15":{"start":{"line":39,"column":6},"end":{"line":44,"column":9}},"16":{"start":{"line":46,"column":6},"end":{"line":46,"column":51}},"17":{"start":{"line":49,"column":6},"end":{"line":49,"column":37}},"18":{"start":{"line":50,"column":6},"end":{"line":50,"column":27}},"19":{"start":{"line":53,"column":18},"end":{"line":58,"column":6}},"20":{"start":{"line":60,"column":4},"end":{"line":63,"column":7}},"21":{"start":{"line":65,"column":4},"end":{"line":65,"column":50}},"22":{"start":{"line":66,"column":4},"end":{"line":69,"column":7}},"23":{"start":{"line":76,"column":0},"end":{"line":92,"column":2}},"24":{"start":{"line":77,"column":2},"end":{"line":91,"column":3}},"25":{"start":{"line":78,"column":19},"end":{"line":80,"column":30}},"26":{"start":{"line":82,"column":4},"end":{"line":85,"column":7}},"27":{"start":{"line":87,"column":4},"end":{"line":90,"column":7}}},"fnMap":{"0":{"name":"(anonymous_0)","decl":{"start":{"line":7,"column":22},"end":{"line":7,"column":23}},"loc":{"start":{"line":7,"column":42},"end":{"line":71,"column":1}},"line":7},"1":{"name":"(anonymous_1)","decl":{"start":{"line":76,"column":24},"end":{"line":76,"column":25}},"loc":{"start":{"line":76,"column":44},"end":{"line":92,"column":1}},"line":76}},"branchMap":{"0":{"loc":{"start":{"line":11,"column":4},"end":{"line":16,"column":5}},"type":"if","locations":[{"start":{"line":11,"column":4},"end":{"line":16,"column":5}},{"start":{},"end":{}}],"line":11},"1":{"loc":{"start":{"line":11,"column":8},"end":{"line":11,"column":36}},"type":"binary-expr","locations":[{"start":{"line":11,"column":8},"end":{"line":11,"column":14}},{"start":{"line":11,"column":18},"end":{"line":11,"column":36}}],"line":11},"2":{"loc":{"start":{"line":25,"column":6},"end":{"line":30,"column":7}},"type":"if","locations":[{"start":{"line":25,"column":6},"end":{"line":30,"column":7}},{"start":{},"end":{}}],"line":25},"3":{"loc":{"start":{"line":32,"column":6},"end":{"line":37,"column":7}},"type":"if","locations":[{"start":{"line":32,"column":6},"end":{"line":37,"column":7}},{"start":{},"end":{}}],"line":32}},"s":{"0":2,"1":2,"2":2,"3":4,"4":4,"5":4,"6":1,"7":3,"8":3,"9":3,"10":3,"11":3,"12":1,"13":2,"14":1,"15":1,"16":1,"17":1,"18":1,"19":1,"20":1,"21":0,"22":0,"23":2,"24":1,"25":1,"26":1,"27":0},"f":{"0":4,"1":1},"b":{"0":[1,3],"1":[4,4],"2":[1,2],"3":[1,1]},"_coverageSchema":"1a1c01bbd47fc00a2c39e90264f33305004495a9","hash":"6aede417f729b8535746e38628c16b1d96be17dd"}
,"C:\\Users\\jayak\\Desktop\\se-project-main\\se-project-main\\server\\controllers\\productController.js": {"path":"C:\\Users\\jayak\\Desktop\\se-project-main\\se-project-main\\server\\controllers\\productController.js","statementMap":{"0":{"start":{"line":1,"column":16},"end":{"line":1,"column":44}},"1":{"start":{"line":6,"column":0},"end":{"line":50,"column":2}},"2":{"start":{"line":7,"column":2},"end":{"line":49,"column":3}},"3":{"start":{"line":8,"column":69},"end":{"line":8,"column":77}},"4":{"start":{"line":11,"column":4},"end":{"line":16,"column":5}},"5":{"start":{"line":12,"column":6},"end":{"line":15,"column":9}},"6":{"start":{"line":18,"column":24},"end":{"line":27,"column":5}},"7":{"start":{"line":30,"column":4},"end":{"line":35,"column":5}},"8":{"start":{"line":31,"column":6},"end":{"line":34,"column":10}},"9":{"start":{"line":31,"column":59},"end":{"line":34,"column":7}},"10":{"start":{"line":37,"column":20},"end":{"line":37,"column":53}},"11":{"start":{"line":39,"column":4},"end":{"line":42,"column":7}},"12":{"start":{"line":44,"column":4},"end":{"line":44,"column":52}},"13":{"start":{"line":45,"column":4},"end":{"line":48,"column":7}},"14":{"start":{"line":55,"column":0},"end":{"line":83,"column":2}},"15":{"start":{"line":56,"column":2},"end":{"line":82,"column":3}},"16":{"start":{"line":57,"column":33},"end":{"line":57,"column":42}},"17":{"start":{"line":58,"column":16},"end":{"line":58,"column":18}},"18":{"start":{"line":60,"column":4},"end":{"line":62,"column":5}},"19":{"start":{"line":61,"column":6},"end":{"line":61,"column":40}},"20":{"start":{"line":64,"column":4},"end":{"line":66,"column":5}},"21":{"start":{"line":65,"column":6},"end":{"line":65,"column":32}},"22":{"start":{"line":68,"column":21},"end":{"line":71,"column":30}},"23":{"start":{"line":73,"column":4},"end":{"line":76,"column":7}},"24":{"start":{"line":78,"column":4},"end":{"line":81,"column":7}},"25":{"start":{"line":86,"column":0},"end":{"line":109,"column":2}},"26":{"start":{"line":87,"column":2},"end":{"line":108,"column":3}},"27":{"start":{"line":88,"column":20},"end":{"line":90,"column":40}},"28":{"start":{"line":92,"column":4},"end":{"line":97,"column":5}},"29":{"start":{"line":93,"column":6},"end":{"line":96,"column":9}},"30":{"start":{"line":99,"column":4},"end":{"line":102,"column":7}},"31":{"start":{"line":104,"column":4},"end":{"line":107,"column":7}},"32":{"start":{"line":114,"column":0},"end":{"line":151,"column":2}},"33":{"start":{"line":115,"column":2},"end":{"line":150,"column":3}},"34":{"start":{"line":116,"column":18},"end":{"line":116,"column":55}},"35":{"start":{"line":118,"column":4},"end":{"line":123,"column":5}},"36":{"start":{"line":119,"column":6},"end":{"line":122,"column":9}},"37":{"start":{"line":126,"column":4},"end":{"line":134,"column":5}},"38":{"start":{"line":130,"column":6},"end":{"line":133,"column":9}},"39":{"start":{"line":136,"column":4},"end":{"line":139,"column":7}},"40":{"start":{"line":141,"column":4},"end":{"line":144,"column":7}},"41":{"start":{"line":146,"column":4},"end":{"line":149,"column":7}},"42":{"start":{"line":156,"column":0},"end":{"line":190,"column":2}},"43":{"start":{"line":157,"column":2},"end":{"line":189,"column":3}},"44":{"start":{"line":158,"column":20},"end":{"line":158,"column":57}},"45":{"start":{"line":160,"column":4},"end":{"line":165,"column":5}},"46":{"start":{"line":161,"column":6},"end":{"line":164,"column":9}},"47":{"start":{"line":168,"column":4},"end":{"line":176,"column":5}},"48":{"start":{"line":172,"column":6},"end":{"line":175,"column":9}},"49":{"start":{"line":178,"column":4},"end":{"line":178,"column":30}},"50":{"start":{"line":180,"column":4},"end":{"line":183,"column":7}},"51":{"start":{"line":185,"column":4},"end":{"line":188,"column":7}},"52":{"start":{"line":193,"column":0},"end":{"line":240,"column":2}},"53":{"start":{"line":194,"column":2},"end":{"line":239,"column":3}},"54":{"start":{"line":195,"column":34},"end":{"line":195,"column":42}},"55":{"start":{"line":197,"column":20},"end":{"line":197,"column":57}},"56":{"start":{"line":199,"column":4},"end":{"line":204,"column":5}},"57":{"start":{"line":200,"column":6},"end":{"line":203,"column":9}},"58":{"start":{"line":207,"column":4},"end":{"line":212,"column":5}},"59":{"start":{"line":208,"column":6},"end":{"line":211,"column":9}},"60":{"start":{"line":215,"column":4},"end":{"line":224,"column":5}},"61":{"start":{"line":220,"column":21},"end":{"line":220,"column":40}},"62":{"start":{"line":221,"column":27},"end":{"line":221,"column":65}},"63":{"start":{"line":222,"column":6},"end":{"line":222,"column":49}},"64":{"start":{"line":223,"column":6},"end":{"line":223,"column":27}},"65":{"start":{"line":226,"column":27},"end":{"line":228,"column":40}},"66":{"start":{"line":230,"column":4},"end":{"line":233,"column":7}},"67":{"start":{"line":235,"column":4},"end":{"line":238,"column":7}}},"fnMap":{"0":{"name":"(anonymous_0)","decl":{"start":{"line":6,"column":24},"end":{"line":6,"column":25}},"loc":{"start":{"line":6,"column":44},"end":{"line":50,"column":1}},"line":6},"1":{"name":"(anonymous_1)","decl":{"start":{"line":31,"column":41},"end":{"line":31,"column":42}},"loc":{"start":{"line":31,"column":59},"end":{"line":34,"column":7}},"line":31},"2":{"name":"(anonymous_2)","decl":{"start":{"line":55,"column":22},"end":{"line":55,"column":23}},"loc":{"start":{"line":55,"column":42},"end":{"line":83,"column":1}},"line":55},"3":{"name":"(anonymous_3)","decl":{"start":{"line":86,"column":25},"end":{"line":86,"column":26}},"loc":{"start":{"line":86,"column":45},"end":{"line":109,"column":1}},"line":86},"4":{"name":"(anonymous_4)","decl":{"start":{"line":114,"column":24},"end":{"line":114,"column":25}},"loc":{"start":{"line":114,"column":44},"end":{"line":151,"column":1}},"line":114},"5":{"name":"(anonymous_5)","decl":{"start":{"line":156,"column":24},"end":{"line":156,"column":25}},"loc":{"start":{"line":156,"column":44},"end":{"line":190,"column":1}},"line":156},"6":{"name":"(anonymous_6)","decl":{"start":{"line":193,"column":31},"end":{"line":193,"column":32}},"loc":{"start":{"line":193,"column":51},"end":{"line":240,"column":1}},"line":193}},"branchMap":{"0":{"loc":{"start":{"line":11,"column":4},"end":{"line":16,"column":5}},"type":"if","locations":[{"start":{"line":11,"column":4},"end":{"line":16,"column":5}},{"start":{},"end":{}}],"line":11},"1":{"loc":{"start":{"line":11,"column":8},"end":{"line":11,"column":52}},"type":"binary-expr","locations":[{"start":{"line":11,"column":8},"end":{"line":11,"column":13}},{"start":{"line":11,"column":17},"end":{"line":11,"column":29}},{"start":{"line":11,"column":33},"end":{"line":11,"column":39}},{"start":{"line":11,"column":43},"end":{"line":11,"column":52}}],"line":11},"2":{"loc":{"start":{"line":23,"column":13},"end":{"line":23,"column":38}},"type":"cond-expr","locations":[{"start":{"line":23,"column":21},"end":{"line":23,"column":34}},{"start":{"line":23,"column":37},"end":{"line":23,"column":38}}],"line":23},"3":{"loc":{"start":{"line":24,"column":17},"end":{"line":24,"column":32}},"type":"binary-expr","locations":[{"start":{"line":24,"column":17},"end":{"line":24,"column":26}},{"start":{"line":24,"column":30},"end":{"line":24,"column":32}}],"line":24},"4":{"loc":{"start":{"line":30,"column":4},"end":{"line":35,"column":5}},"type":"if","locations":[{"start":{"line":30,"column":4},"end":{"line":35,"column":5}},{"start":{},"end":{}}],"line":30},"5":{"loc":{"start":{"line":30,"column":8},"end":{"line":30,"column":41}},"type":"binary-expr","locations":[{"start":{"line":30,"column":8},"end":{"line":30,"column":17}},{"start":{"line":30,"column":21},"end":{"line":30,"column":41}}],"line":30},"6":{"loc":{"start":{"line":60,"column":4},"end":{"line":62,"column":5}},"type":"if","locations":[{"start":{"line":60,"column":4},"end":{"line":62,"column":5}},{"start":{},"end":{}}],"line":60},"7":{"loc":{"start":{"line":64,"column":4},"end":{"line":66,"column":5}},"type":"if","locations":[{"start":{"line":64,"column":4},"end":{"line":66,"column":5}},{"start":{},"end":{}}],"line":64},"8":{"loc":{"start":{"line":92,"column":4},"end":{"line":97,"column":5}},"type":"if","locations":[{"start":{"line":92,"column":4},"end":{"line":97,"column":5}},{"start":{},"end":{}}],"line":92},"9":{"loc":{"start":{"line":118,"column":4},"end":{"line":123,"column":5}},"type":"if","locations":[{"start":{"line":118,"column":4},"end":{"line":123,"column":5}},{"start":{},"end":{}}],"line":118},"10":{"loc":{"start":{"line":126,"column":4},"end":{"line":134,"column":5}},"type":"if","locations":[{"start":{"line":126,"column":4},"end":{"line":134,"column":5}},{"start":{},"end":{}}],"line":126},"11":{"loc":{"start":{"line":127,"column":6},"end":{"line":128,"column":31}},"type":"binary-expr","locations":[{"start":{"line":127,"column":6},"end":{"line":127,"column":60}},{"start":{"line":128,"column":6},"end":{"line":128,"column":31}}],"line":127},"12":{"loc":{"start":{"line":160,"column":4},"end":{"line":165,"column":5}},"type":"if","locations":[{"start":{"line":160,"column":4},"end":{"line":165,"column":5}},{"start":{},"end":{}}],"line":160},"13":{"loc":{"start":{"line":168,"column":4},"end":{"line":176,"column":5}},"type":"if","locations":[{"start":{"line":168,"column":4},"end":{"line":176,"column":5}},{"start":{},"end":{}}],"line":168},"14":{"loc":{"start":{"line":169,"column":6},"end":{"line":170,"column":31}},"type":"binary-expr","locations":[{"start":{"line":169,"column":6},"end":{"line":169,"column":60}},{"start":{"line":170,"column":6},"end":{"line":170,"column":31}}],"line":169},"15":{"loc":{"start":{"line":199,"column":4},"end":{"line":204,"column":5}},"type":"if","locations":[{"start":{"line":199,"column":4},"end":{"line":204,"column":5}},{"start":{},"end":{}}],"line":199},"16":{"loc":{"start":{"line":207,"column":4},"end":{"line":212,"column":5}},"type":"if","locations":[{"start":{"line":207,"column":4},"end":{"line":212,"column":5}},{"start":{},"end":{}}],"line":207},"17":{"loc":{"start":{"line":215,"column":4},"end":{"line":224,"column":5}},"type":"if","locations":[{"start":{"line":215,"column":4},"end":{"line":224,"column":5}},{"start":{},"end":{}}],"line":215},"18":{"loc":{"start":{"line":216,"column":6},"end":{"line":218,"column":47}},"type":"binary-expr","locations":[{"start":{"line":216,"column":6},"end":{"line":216,"column":20}},{"start":{"line":217,"column":6},"end":{"line":217,"column":31}},{"start":{"line":218,"column":6},"end":{"line":218,"column":47}}],"line":216}},"s":{"0":1,"1":1,"2":1,"3":1,"4":1,"5":1,"6":0,"7":0,"8":0,"9":0,"10":0,"11":0,"12":0,"13":0,"14":1,"15":1,"16":1,"17":1,"18":1,"19":0,"20":1,"21":0,"22":1,"23":1,"24":0,"25":1,"26":1,"27":1,"28":1,"29":1,"30":0,"31":0,"32":1,"33":1,"34":1,"35":1,"36":1,"37":0,"38":0,"39":0,"40":0,"41":0,"42":1,"43":1,"44":1,"45":1,"46":1,"47":0,"48":0,"49":0,"50":0,"51":0,"52":1,"53":1,"54":1,"55":1,"56":1,"57":1,"58":0,"59":0,"60":0,"61":0,"62":0,"63":0,"64":0,"65":0,"66":0,"67":0},"f":{"0":1,"1":0,"2":1,"3":1,"4":1,"5":1,"6":1},"b":{"0":[1,0],"1":[1,0,0,0],"2":[0,0],"3":[0,0],"4":[0,0],"5":[0,0],"6":[0,1],"7":[0,1],"8":[1,0],"9":[1,0],"10":[0,0],"11":[0,0],"12":[1,0],"13":[0,0],"14":[0,0],"15":[1,0],"16":[0,0],"17":[0,0],"18":[0,0,0]},"_coverageSchema":"1a1c01bbd47fc00a2c39e90264f33305004495a9","hash":"e713e44ea193d47d8f7e425bb8aec589e607521b"}
,"C:\\Users\\jayak\\Desktop\\se-project-main\\se-project-main\\server\\middleware\\auth.js": {"path":"C:\\Users\\jayak\\Desktop\\se-project-main\\se-project-main\\server\\middleware\\auth.js","statementMap":{"0":{"start":{"line":1,"column":12},"end":{"line":1,"column":35}},"1":{"start":{"line":2,"column":13},"end":{"line":2,"column":38}},"2":{"start":{"line":4,"column":0},"end":{"line":31,"column":2}},"3":{"start":{"line":7,"column":2},"end":{"line":12,"column":3}},"4":{"start":{"line":11,"column":4},"end":{"line":11,"column":52}},"5":{"start":{"line":14,"column":2},"end":{"line":19,"column":3}},"6":{"start":{"line":15,"column":4},"end":{"line":18,"column":7}},"7":{"start":{"line":21,"column":2},"end":{"line":30,"column":3}},"8":{"start":{"line":22,"column":20},"end":{"line":22,"column":61}},"9":{"start":{"line":23,"column":4},"end":{"line":23,"column":47}},"10":{"start":{"line":24,"column":4},"end":{"line":24,"column":11}},"11":{"start":{"line":26,"column":4},"end":{"line":29,"column":7}},"12":{"start":{"line":33,"column":0},"end":{"line":43,"column":2}},"13":{"start":{"line":34,"column":2},"end":{"line":42,"column":4}},"14":{"start":{"line":35,"column":4},"end":{"line":40,"column":5}},"15":{"start":{"line":36,"column":6},"end":{"line":39,"column":9}},"16":{"start":{"line":41,"column":4},"end":{"line":41,"column":11}}},"fnMap":{"0":{"name":"(anonymous_0)","decl":{"start":{"line":4,"column":18},"end":{"line":4,"column":19}},"loc":{"start":{"line":4,"column":44},"end":{"line":31,"column":1}},"line":4},"1":{"name":"(anonymous_1)","decl":{"start":{"line":33,"column":20},"end":{"line":33,"column":21}},"loc":{"start":{"line":33,"column":34},"end":{"line":43,"column":1}},"line":33},"2":{"name":"(anonymous_2)","decl":{"start":{"line":34,"column":9},"end":{"line":34,"column":10}},"loc":{"start":{"line":34,"column":29},"end":{"line":42,"column":3}},"line":34}},"branchMap":{"0":{"loc":{"start":{"line":7,"column":2},"end":{"line":12,"column":3}},"type":"if","locations":[{"start":{"line":7,"column":2},"end":{"line":12,"column":3}},{"start":{},"end":{}}],"line":7},"1":{"loc":{"start":{"line":8,"column":4},"end":{"line":9,"column":50}},"type":"binary-expr","locations":[{"start":{"line":8,"column":4},"end":{"line":8,"column":29}},{"start":{"line":9,"column":4},"end":{"line":9,"column":50}}],"line":8},"2":{"loc":{"start":{"line":14,"column":2},"end":{"line":19,"column":3}},"type":"if","locations":[{"start":{"line":14,"column":2},"end":{"line":19,"column":3}},{"start":{},"end":{}}],"line":14},"3":{"loc":{"start":{"line":35,"column":4},"end":{"line":40,"column":5}},"type":"if","locations":[{"start":{"line":35,"column":4},"end":{"line":40,"column":5}},{"start":{},"end":{}}],"line":35}},"s":{"0":2,"1":2,"2":2,"3":3,"4":2,"5":3,"6":1,"7":2,"8":2,"9":1,"10":1,"11":1,"12":2,"13":3,"14":2,"15":1,"16":1},"f":{"0":3,"1":3,"2":2},"b":{"0":[2,1],"1":[3,2],"2":[1,2],"3":[1,1]},"_coverageSchema":"1a1c01bbd47fc00a2c39e90264f33305004495a9","hash":"2ffc466c5cca1db97213c194791107133c3d6dc4"}
,"C:\\Users\\jayak\\Desktop\\se-project-main\\se-project-main\\server\\middleware\\upload.js": {"path":"C:\\Users\\jayak\\Desktop\\se-project-main\\se-project-main\\server\\middleware\\upload.js","statementMap":{"0":{"start":{"line":1,"column":15},"end":{"line":1,"column":32}},"1":{"start":{"line":2,"column":20},"end":{"line":2,"column":51}},"2":{"start":{"line":4,"column":15},"end":{"line":9,"column":2}},"3":{"start":{"line":11,"column":0},"end":{"line":11,"column":24}}},"fnMap":{},"branchMap":{},"s":{"0":1,"1":1,"2":1,"3":1},"f":{},"b":{},"_coverageSchema":"1a1c01bbd47fc00a2c39e90264f33305004495a9","hash":"37f443253b522831312e2e1120c6dba9943e6a11"}
,"C:\\Users\\jayak\\Desktop\\se-project-main\\se-project-main\\server\\models\\Category.js": {"path":"C:\\Users\\jayak\\Desktop\\se-project-main\\se-project-main\\server\\models\\Category.js","statementMap":{"0":{"start":{"line":1,"column":17},"end":{"line":1,"column":36}},"1":{"start":{"line":3,"column":23},"end":{"line":27,"column":2}},"2":{"start":{"line":30,"column":0},"end":{"line":33,"column":3}},"3":{"start":{"line":31,"column":2},"end":{"line":31,"column":59}},"4":{"start":{"line":32,"column":2},"end":{"line":32,"column":9}},"5":{"start":{"line":35,"column":0},"end":{"line":35,"column":60}}},"fnMap":{"0":{"name":"(anonymous_0)","decl":{"start":{"line":30,"column":27},"end":{"line":30,"column":28}},"loc":{"start":{"line":30,"column":43},"end":{"line":33,"column":1}},"line":30}},"branchMap":{},"s":{"0":2,"1":2,"2":2,"3":0,"4":0,"5":2},"f":{"0":0},"b":{},"_coverageSchema":"1a1c01bbd47fc00a2c39e90264f33305004495a9","hash":"f5a267fa41a6a321afc3af3971ed2f0bd228e5c5"}
,"C:\\Users\\jayak\\Desktop\\se-project-main\\se-project-main\\server\\models\\Order.js": {"path":"C:\\Users\\jayak\\Desktop\\se-project-main\\se-project-main\\server\\models\\Order.js","statementMap":{"0":{"start":{"line":1,"column":17},"end":{"line":1,"column":36}},"1":{"start":{"line":3,"column":24},"end":{"line":16,"column":2}},"2":{"start":{"line":18,"column":20},"end":{"line":48,"column":1}},"3":{"start":{"line":50,"column":0},"end":{"line":50,"column":54}}},"fnMap":{},"branchMap":{},"s":{"0":3,"1":3,"2":3,"3":3},"f":{},"b":{},"_coverageSchema":"1a1c01bbd47fc00a2c39e90264f33305004495a9","hash":"95d687b60042db3dc3c2dd433699108fcd520d03"}
,"C:\\Users\\jayak\\Desktop\\se-project-main\\se-project-main\\server\\models\\Product.js": {"path":"C:\\Users\\jayak\\Desktop\\se-project-main\\se-project-main\\server\\models\\Product.js","statementMap":{"0":{"start":{"line":1,"column":17},"end":{"line":1,"column":36}},"1":{"start":{"line":3,"column":22},"end":{"line":49,"column":2}},"2":{"start":{"line":52,"column":0},"end":{"line":52,"column":59}},"3":{"start":{"line":54,"column":0},"end":{"line":54,"column":58}}},"fnMap":{},"branchMap":{},"s":{"0":4,"1":4,"2":4,"3":4},"f":{},"b":{},"_coverageSchema":"1a1c01bbd47fc00a2c39e90264f33305004495a9","hash":"92f8d41785904b32bf110c6e98a35a6897f0be02"}
,"C:\\Users\\jayak\\Desktop\\se-project-main\\se-project-main\\server\\models\\User.js": {"path":"C:\\Users\\jayak\\Desktop\\se-project-main\\se-project-main\\server\\models\\User.js","statementMap":{"0":{"start":{"line":1,"column":17},"end":{"line":1,"column":36}},"1":{"start":{"line":2,"column":15},"end":{"line":2,"column":34}},"2":{"start":{"line":3,"column":12},"end":{"line":3,"column":35}},"3":{"start":{"line":5,"column":19},"end":{"line":46,"column":2}},"4":{"start":{"line":49,"column":0},"end":{"line":55,"column":3}},"5":{"start":{"line":50,"column":2},"end":{"line":52,"column":3}},"6":{"start":{"line":51,"column":4},"end":{"line":51,"column":11}},"7":{"start":{"line":53,"column":15},"end":{"line":53,"column":39}},"8":{"start":{"line":54,"column":2},"end":{"line":54,"column":57}},"9":{"start":{"line":58,"column":0},"end":{"line":60,"column":2}},"10":{"start":{"line":59,"column":2},"end":{"line":59,"column":62}},"11":{"start":{"line":63,"column":0},"end":{"line":67,"column":2}},"12":{"start":{"line":64,"column":2},"end":{"line":66,"column":5}},"13":{"start":{"line":69,"column":0},"end":{"line":69,"column":52}}},"fnMap":{"0":{"name":"(anonymous_0)","decl":{"start":{"line":49,"column":23},"end":{"line":49,"column":24}},"loc":{"start":{"line":49,"column":45},"end":{"line":55,"column":1}},"line":49},"1":{"name":"(anonymous_1)","decl":{"start":{"line":58,"column":37},"end":{"line":58,"column":38}},"loc":{"start":{"line":58,"column":70},"end":{"line":60,"column":1}},"line":58},"2":{"name":"(anonymous_2)","decl":{"start":{"line":63,"column":39},"end":{"line":63,"column":40}},"loc":{"start":{"line":63,"column":51},"end":{"line":67,"column":1}},"line":63}},"branchMap":{"0":{"loc":{"start":{"line":50,"column":2},"end":{"line":52,"column":3}},"type":"if","locations":[{"start":{"line":50,"column":2},"end":{"line":52,"column":3}},{"start":{},"end":{}}],"line":50}},"s":{"0":4,"1":4,"2":4,"3":4,"4":4,"5":0,"6":0,"7":0,"8":0,"9":4,"10":0,"11":4,"12":0,"13":4},"f":{"0":0,"1":0,"2":0},"b":{"0":[0,0]},"_coverageSchema":"1a1c01bbd47fc00a2c39e90264f33305004495a9","hash":"9a34df5a3e2a13c242e010a4fb1f038fc061f3e0"}
,"C:\\Users\\jayak\\Desktop\\se-project-main\\se-project-main\\server\\utils\\emailService.js": {"path":"C:\\Users\\jayak\\Desktop\\se-project-main\\se-project-main\\server\\utils\\emailService.js","statementMap":{"0":{"start":{"line":1,"column":19},"end":{"line":1,"column":40}},"1":{"start":{"line":3,"column":18},"end":{"line":23,"column":1}},"2":{"start":{"line":4,"column":22},"end":{"line":11,"column":4}},"3":{"start":{"line":13,"column":18},"end":{"line":20,"column":3}},"4":{"start":{"line":22,"column":2},"end":{"line":22,"column":38}},"5":{"start":{"line":25,"column":0},"end":{"line":25,"column":27}}},"fnMap":{"0":{"name":"(anonymous_0)","decl":{"start":{"line":3,"column":18},"end":{"line":3,"column":19}},"loc":{"start":{"line":3,"column":37},"end":{"line":23,"column":1}},"line":3}},"branchMap":{"0":{"loc":{"start":{"line":14,"column":13},"end":{"line":14,"column":68}},"type":"binary-expr","locations":[{"start":{"line":14,"column":13},"end":{"line":14,"column":40}},{"start":{"line":14,"column":44},"end":{"line":14,"column":68}}],"line":14}},"s":{"0":3,"1":3,"2":1,"3":1,"4":1,"5":3},"f":{"0":1},"b":{"0":[1,0]},"_coverageSchema":"1a1c01bbd47fc00a2c39e90264f33305004495a9","hash":"eceacf9ff33c95af646a8e9c66f91746c2ab5c06"}
}
