TN:
SF:controllers\adminController.js
FN:6,(anonymous_0)
FN:42,(anonymous_1)
FN:60,(anonymous_2)
FN:94,(anonymous_3)
FN:115,(anonymous_4)
FN:141,(anonymous_5)
FN:162,(anonymous_6)
FNF:7
FNH:7
FNDA:1,(anonymous_0)
FNDA:1,(anonymous_1)
FNDA:2,(anonymous_2)
FNDA:1,(anonymous_3)
FNDA:2,(anonymous_4)
FNDA:1,(anonymous_5)
FNDA:2,(anonymous_6)
DA:1,2
DA:2,2
DA:3,2
DA:6,2
DA:7,1
DA:8,1
DA:9,1
DA:10,1
DA:11,1
DA:14,1
DA:23,1
DA:34,0
DA:42,2
DA:43,1
DA:44,1
DA:46,1
DA:52,0
DA:60,2
DA:61,2
DA:62,2
DA:64,2
DA:65,1
DA:72,1
DA:73,1
DA:79,0
DA:81,0
DA:86,0
DA:94,2
DA:95,1
DA:96,1
DA:101,1
DA:107,0
DA:115,2
DA:116,2
DA:117,2
DA:119,2
DA:120,1
DA:126,1
DA:128,1
DA:133,0
DA:141,2
DA:142,1
DA:143,1
DA:148,1
DA:154,0
DA:162,2
DA:163,2
DA:164,2
DA:166,2
DA:168,2
DA:169,1
DA:175,1
DA:176,1
DA:178,1
DA:183,0
LF:55
LH:46
BRDA:30,0,0,1
BRDA:30,0,1,0
BRDA:64,1,0,1
BRDA:64,1,1,1
BRDA:72,2,0,1
BRDA:72,2,1,0
BRDA:119,3,0,1
BRDA:119,3,1,1
BRDA:168,4,0,1
BRDA:168,4,1,1
BRF:10
BRH:8
end_of_record
TN:
SF:controllers\authController.js
FN:7,(anonymous_0)
FN:70,(anonymous_1)
FN:120,(anonymous_2)
FNF:3
FNH:3
FNDA:1,(anonymous_0)
FNDA:3,(anonymous_1)
FNDA:1,(anonymous_2)
DA:1,2
DA:2,2
DA:3,2
DA:7,2
DA:8,1
DA:9,1
DA:11,1
DA:12,1
DA:13,0
DA:19,1
DA:21,1
DA:30,1
DA:32,1
DA:33,1
DA:43,0
DA:46,1
DA:48,1
DA:61,0
DA:70,2
DA:71,3
DA:72,3
DA:74,3
DA:75,1
DA:81,2
DA:82,2
DA:83,1
DA:89,1
DA:90,1
DA:91,1
DA:97,0
DA:99,0
DA:111,0
DA:120,2
DA:121,1
DA:122,1
DA:123,1
DA:128,0
LF:37
LH:30
BRDA:12,0,0,0
BRDA:12,0,1,1
BRDA:25,1,0,1
BRDA:25,1,1,1
BRDA:74,2,0,1
BRDA:74,2,1,2
BRDA:74,3,0,3
BRDA:74,3,1,2
BRDA:82,4,0,1
BRDA:82,4,1,1
BRDA:90,5,0,1
BRDA:90,5,1,0
BRF:12
BRH:10
end_of_record
TN:
SF:controllers\categoryController.js
FN:6,(anonymous_0)
FN:35,(anonymous_1)
FNF:2
FNH:2
FNDA:2,(anonymous_0)
FNDA:1,(anonymous_1)
DA:1,2
DA:6,2
DA:7,2
DA:8,2
DA:10,2
DA:11,2
DA:12,1
DA:18,1
DA:20,1
DA:25,0
DA:35,2
DA:36,1
DA:37,1
DA:40,1
DA:45,0
LF:15
LH:13
BRDA:11,0,0,1
BRDA:11,0,1,1
BRF:2
BRH:2
end_of_record
TN:
SF:controllers\orderController.js
FN:7,(anonymous_0)
FN:76,(anonymous_1)
FNF:2
FNH:2
FNDA:4,(anonymous_0)
FNDA:1,(anonymous_1)
DA:1,2
DA:2,2
DA:7,2
DA:8,4
DA:9,4
DA:11,4
DA:12,1
DA:19,3
DA:20,3
DA:22,3
DA:23,3
DA:25,3
DA:26,1
DA:32,2
DA:33,1
DA:39,1
DA:46,1
DA:49,1
DA:50,1
DA:53,1
DA:60,1
DA:65,0
DA:66,0
DA:76,2
DA:77,1
DA:78,1
DA:82,1
DA:87,0
LF:28
LH:25
BRDA:11,0,0,1
BRDA:11,0,1,3
BRDA:11,1,0,4
BRDA:11,1,1,4
BRDA:25,2,0,1
BRDA:25,2,1,2
BRDA:32,3,0,1
BRDA:32,3,1,1
BRF:8
BRH:8
end_of_record
TN:
SF:controllers\productController.js
FN:6,(anonymous_0)
FN:31,(anonymous_1)
FN:55,(anonymous_2)
FN:86,(anonymous_3)
FN:114,(anonymous_4)
FN:156,(anonymous_5)
FN:193,(anonymous_6)
FNF:7
FNH:6
FNDA:1,(anonymous_0)
FNDA:0,(anonymous_1)
FNDA:1,(anonymous_2)
FNDA:1,(anonymous_3)
FNDA:1,(anonymous_4)
FNDA:1,(anonymous_5)
FNDA:1,(anonymous_6)
DA:1,1
DA:6,1
DA:7,1
DA:8,1
DA:11,1
DA:12,1
DA:18,0
DA:30,0
DA:31,0
DA:37,0
DA:39,0
DA:44,0
DA:45,0
DA:55,1
DA:56,1
DA:57,1
DA:58,1
DA:60,1
DA:61,0
DA:64,1
DA:65,0
DA:68,1
DA:73,1
DA:78,0
DA:86,1
DA:87,1
DA:88,1
DA:92,1
DA:93,1
DA:99,0
DA:104,0
DA:114,1
DA:115,1
DA:116,1
DA:118,1
DA:119,1
DA:126,0
DA:130,0
DA:136,0
DA:141,0
DA:146,0
DA:156,1
DA:157,1
DA:158,1
DA:160,1
DA:161,1
DA:168,0
DA:172,0
DA:178,0
DA:180,0
DA:185,0
DA:193,1
DA:194,1
DA:195,1
DA:197,1
DA:199,1
DA:200,1
DA:207,0
DA:208,0
DA:215,0
DA:220,0
DA:221,0
DA:222,0
DA:223,0
DA:226,0
DA:230,0
DA:235,0
LF:67
LH:35
BRDA:11,0,0,1
BRDA:11,0,1,0
BRDA:11,1,0,1
BRDA:11,1,1,0
BRDA:11,1,2,0
BRDA:11,1,3,0
BRDA:23,2,0,0
BRDA:23,2,1,0
BRDA:24,3,0,0
BRDA:24,3,1,0
BRDA:30,4,0,0
BRDA:30,4,1,0
BRDA:30,5,0,0
BRDA:30,5,1,0
BRDA:60,6,0,0
BRDA:60,6,1,1
BRDA:64,7,0,0
BRDA:64,7,1,1
BRDA:92,8,0,1
BRDA:92,8,1,0
BRDA:118,9,0,1
BRDA:118,9,1,0
BRDA:126,10,0,0
BRDA:126,10,1,0
BRDA:127,11,0,0
BRDA:127,11,1,0
BRDA:160,12,0,1
BRDA:160,12,1,0
BRDA:168,13,0,0
BRDA:168,13,1,0
BRDA:169,14,0,0
BRDA:169,14,1,0
BRDA:199,15,0,1
BRDA:199,15,1,0
BRDA:207,16,0,0
BRDA:207,16,1,0
BRDA:215,17,0,0
BRDA:215,17,1,0
BRDA:216,18,0,0
BRDA:216,18,1,0
BRDA:216,18,2,0
BRF:41
BRH:8
end_of_record
TN:
SF:middleware\auth.js
FN:4,(anonymous_0)
FN:33,(anonymous_1)
FN:34,(anonymous_2)
FNF:3
FNH:3
FNDA:3,(anonymous_0)
FNDA:3,(anonymous_1)
FNDA:2,(anonymous_2)
DA:1,2
DA:2,2
DA:4,2
DA:7,3
DA:11,2
DA:14,3
DA:15,1
DA:21,2
DA:22,2
DA:23,1
DA:24,1
DA:26,1
DA:33,2
DA:34,3
DA:35,2
DA:36,1
DA:41,1
LF:17
LH:17
BRDA:7,0,0,2
BRDA:7,0,1,1
BRDA:8,1,0,3
BRDA:8,1,1,2
BRDA:14,2,0,1
BRDA:14,2,1,2
BRDA:35,3,0,1
BRDA:35,3,1,1
BRF:8
BRH:8
end_of_record
TN:
SF:middleware\upload.js
FNF:0
FNH:0
DA:1,1
DA:2,1
DA:4,1
DA:11,1
LF:4
LH:4
BRF:0
BRH:0
end_of_record
TN:
SF:models\Category.js
FN:30,(anonymous_0)
FNF:1
FNH:0
FNDA:0,(anonymous_0)
DA:1,2
DA:3,2
DA:30,2
DA:31,0
DA:32,0
DA:35,2
LF:6
LH:4
BRF:0
BRH:0
end_of_record
TN:
SF:models\Order.js
FNF:0
FNH:0
DA:1,3
DA:3,3
DA:18,3
DA:50,3
LF:4
LH:4
BRF:0
BRH:0
end_of_record
TN:
SF:models\Product.js
FNF:0
FNH:0
DA:1,4
DA:3,4
DA:52,4
DA:54,4
LF:4
LH:4
BRF:0
BRH:0
end_of_record
TN:
SF:models\User.js
FN:49,(anonymous_0)
FN:58,(anonymous_1)
FN:63,(anonymous_2)
FNF:3
FNH:0
FNDA:0,(anonymous_0)
FNDA:0,(anonymous_1)
FNDA:0,(anonymous_2)
DA:1,4
DA:2,4
DA:3,4
DA:5,4
DA:49,4
DA:50,0
DA:51,0
DA:53,0
DA:54,0
DA:58,4
DA:59,0
DA:63,4
DA:64,0
DA:69,4
LF:14
LH:8
BRDA:50,0,0,0
BRDA:50,0,1,0
BRF:2
BRH:0
end_of_record
TN:
SF:utils\emailService.js
FN:3,(anonymous_0)
FNF:1
FNH:1
FNDA:1,(anonymous_0)
DA:1,3
DA:3,3
DA:4,1
DA:13,1
DA:22,1
DA:25,3
LF:6
LH:6
BRDA:14,0,0,1
BRDA:14,0,1,0
BRF:2
BRH:1
end_of_record
